[
  {
    "Plan": {
      "Node Type": "Aggregate",
      "Strategy": "Hashed",
      "Partial Mode": "Simple",
      "Parallel Aware": false,
      "Startup Cost": 9505.82,
      "Total Cost": 9507.26,
      "Plan Rows": 144,
      "Plan Width": 36,
      "Actual Startup Time": 1.270,
      "Actual Total Time": 1.273,
      "Actual Rows": 6,
      "Actual Loops": 1,
      "Output": ["f.name", "f.points"],
      "Group Key": ["f.name", "f.points"],
      "Shared Hit Blocks": 77,
      "Shared Read Blocks": 0,
      "Shared Dirtied Blocks": 0,
      "Shared Written Blocks": 0,
      "Local Hit Blocks": 0,
      "Local Read Blocks": 0,
      "Local Dirtied Blocks": 0,
      "Local Written Blocks": 0,
      "Temp Read Blocks": 0,
      "Temp Written Blocks": 0,
      "Plans": [
        {
          "Node Type": "Append",
          "Parent Relationship": "Outer",
          "Parallel Aware": false,
          "Startup Cost": 4724.25,
          "Total Cost": 9505.10,
          "Plan Rows": 144,
          "Plan Width": 36,
          "Actual Startup Time": 0.455,
          "Actual Total Time": 1.270,
          "Actual Rows": 6,
          "Actual Loops": 1,
          "Shared Hit Blocks": 77,
          "Shared Read Blocks": 0,
          "Shared Dirtied Blocks": 0,
          "Shared Written Blocks": 0,
          "Local Hit Blocks": 0,
          "Local Read Blocks": 0,
          "Local Dirtied Blocks": 0,
          "Local Written Blocks": 0,
          "Temp Read Blocks": 0,
          "Temp Written Blocks": 0,
          "Subplans Removed": 0,
          "Plans": [
            {
              "Node Type": "Hash Join",
              "Parent Relationship": "Member",
              "Parallel Aware": false,
              "Join Type": "Anti",
              "Startup Cost": 4724.25,
              "Total Cost": 4740.95,
              "Plan Rows": 72,
              "Plan Width": 36,
              "Actual Startup Time": 0.455,
              "Actual Total Time": 0.458,
              "Actual Rows": 5,
              "Actual Loops": 1,
              "Output": ["f.name", "f.points"],
              "Inner Unique": false,
              "Hash Cond": "(f.id = f_1.id)",
              "Shared Hit Blocks": 5,
              "Shared Read Blocks": 0,
              "Shared Dirtied Blocks": 0,
              "Shared Written Blocks": 0,
              "Local Hit Blocks": 0,
              "Local Read Blocks": 0,
              "Local Dirtied Blocks": 0,
              "Local Written Blocks": 0,
              "Temp Read Blocks": 0,
              "Temp Written Blocks": 0,
              "Plans": [
                {
                  "Node Type": "Seq Scan",
                  "Parent Relationship": "Outer",
                  "Parallel Aware": false,
                  "Relation Name": "flags",
                  "Schema": "public",
                  "Alias": "f",
                  "Startup Cost": 0.00,
                  "Total Cost": 15.80,
                  "Plan Rows": 72,
                  "Plan Width": 40,
                  "Actual Startup Time": 0.005,
                  "Actual Total Time": 0.006,
                  "Actual Rows": 6,
                  "Actual Loops": 1,
                  "Output": ["f.name", "f.points", "f.id"],
                  "Filter": "(f.visible AND f.enabled AND f.solvable)",
                  "Rows Removed by Filter": 1,
                  "Shared Hit Blocks": 1,
                  "Shared Read Blocks": 0,
                  "Shared Dirtied Blocks": 0,
                  "Shared Written Blocks": 0,
                  "Local Hit Blocks": 0,
                  "Local Read Blocks": 0,
                  "Local Dirtied Blocks": 0,
                  "Local Written Blocks": 0,
                  "Temp Read Blocks": 0,
                  "Temp Written Blocks": 0
                },
                {
                  "Node Type": "Hash",
                  "Parent Relationship": "Inner",
                  "Parallel Aware": false,
                  "Startup Cost": 4724.20,
                  "Total Cost": 4724.20,
                  "Plan Rows": 4,
                  "Plan Width": 4,
                  "Actual Startup Time": 0.442,
                  "Actual Total Time": 0.443,
                  "Actual Rows": 1,
                  "Actual Loops": 1,
                  "Output": ["f_1.id"],
                  "Hash Buckets": 1024,
                  "Original Hash Buckets": 1024,
                  "Hash Batches": 1,
                  "Original Hash Batches": 1,
                  "Peak Memory Usage": 9,
                  "Shared Hit Blocks": 4,
                  "Shared Read Blocks": 0,
                  "Shared Dirtied Blocks": 0,
                  "Shared Written Blocks": 0,
                  "Local Hit Blocks": 0,
                  "Local Read Blocks": 0,
                  "Local Dirtied Blocks": 0,
                  "Local Written Blocks": 0,
                  "Temp Read Blocks": 0,
                  "Temp Written Blocks": 0,
                  "Plans": [
                    {
                      "Node Type": "Hash Join",
                      "Parent Relationship": "Outer",
                      "Parallel Aware": false,
                      "Join Type": "Inner",
                      "Startup Cost": 4704.47,
                      "Total Cost": 4724.20,
                      "Plan Rows": 4,
                      "Plan Width": 4,
                      "Actual Startup Time": 0.441,
                      "Actual Total Time": 0.443,
                      "Actual Rows": 1,
                      "Actual Loops": 1,
                      "Output": ["f_1.id"],
                      "Inner Unique": true,
                      "Hash Cond": "(t_1.id = t.id)",
                      "Shared Hit Blocks": 4,
                      "Shared Read Blocks": 0,
                      "Shared Dirtied Blocks": 0,
                      "Shared Written Blocks": 0,
                      "Local Hit Blocks": 0,
                      "Local Read Blocks": 0,
                      "Local Dirtied Blocks": 0,
                      "Local Written Blocks": 0,
                      "Temp Read Blocks": 0,
                      "Temp Written Blocks": 0,
                      "Plans": [
                        {
                          "Node Type": "Aggregate",
                          "Strategy": "Hashed",
                          "Partial Mode": "Simple",
                          "Parent Relationship": "Outer",
                          "Parallel Aware": false,
                          "Startup Cost": 4703.42,
                          "Total Cost": 4712.12,
                          "Plan Rows": 870,
                          "Plan Width": 40,
                          "Actual Startup Time": 0.428,
                          "Actual Total Time": 0.430,
                          "Actual Rows": 5,
                          "Actual Loops": 1,
                          "Output": ["t_1.id", "f_1.id", "NULL::integer[]"],
                          "Group Key": ["t_1.id", "f_1.id"],
                          "Shared Hit Blocks": 3,
                          "Shared Read Blocks": 0,
                          "Shared Dirtied Blocks": 0,
                          "Shared Written Blocks": 0,
                          "Local Hit Blocks": 0,
                          "Local Read Blocks": 0,
                          "Local Dirtied Blocks": 0,
                          "Local Written Blocks": 0,
                          "Temp Read Blocks": 0,
                          "Temp Written Blocks": 0,
                          "Plans": [
                            {
                              "Node Type": "Nested Loop",
                              "Parent Relationship": "Outer",
                              "Parallel Aware": false,
                              "Join Type": "Inner",
                              "Startup Cost": 1.07,
                              "Total Cost": 4695.66,
                              "Plan Rows": 1552,
                              "Plan Width": 8,
                              "Actual Startup Time": 0.327,
                              "Actual Total Time": 0.424,
                              "Actual Rows": 8,
                              "Actual Loops": 1,
                              "Output": ["t_1.id", "f_1.id"],
                              "Inner Unique": false,
                              "Join Filter": "(s.submission ~* f_1.regexp)",
                              "Rows Removed by Join Filter": 160,
                              "Shared Hit Blocks": 3,
                              "Shared Read Blocks": 0,
                              "Shared Dirtied Blocks": 0,
                              "Shared Written Blocks": 0,
                              "Local Hit Blocks": 0,
                              "Local Read Blocks": 0,
                              "Local Dirtied Blocks": 0,
                              "Local Written Blocks": 0,
                              "Temp Read Blocks": 0,
                              "Temp Written Blocks": 0,
                              "Plans": [
                                {
                                  "Node Type": "Hash Join",
                                  "Parent Relationship": "Outer",
                                  "Parallel Aware": false,
                                  "Join Type": "Left",
                                  "Startup Cost": 1.07,
                                  "Total Cost": 24.63,
                                  "Plan Rows": 1070,
                                  "Plan Width": 36,
                                  "Actual Startup Time": 0.013,
                                  "Actual Total Time": 0.019,
                                  "Actual Rows": 24,
                                  "Actual Loops": 1,
                                  "Output": ["s.submission", "t_1.id"],
                                  "Inner Unique": true,
                                  "Hash Cond": "(s.team_id = t_1.id)",
                                  "Shared Hit Blocks": 2,
                                  "Shared Read Blocks": 0,
                                  "Shared Dirtied Blocks": 0,
                                  "Shared Written Blocks": 0,
                                  "Local Hit Blocks": 0,
                                  "Local Read Blocks": 0,
                                  "Local Dirtied Blocks": 0,
                                  "Local Written Blocks": 0,
                                  "Temp Read Blocks": 0,
                                  "Temp Written Blocks": 0,
                                  "Plans": [
                                    {
                                      "Node Type": "Seq Scan",
                                      "Parent Relationship": "Outer",
                                      "Parallel Aware": false,
                                      "Relation Name": "submissions",
                                      "Schema": "public",
                                      "Alias": "s",
                                      "Startup Cost": 0.00,
                                      "Total Cost": 20.70,
                                      "Plan Rows": 1070,
                                      "Plan Width": 36,
                                      "Actual Startup Time": 0.002,
                                      "Actual Total Time": 0.003,
                                      "Actual Rows": 24,
                                      "Actual Loops": 1,
                                      "Output": ["s.id", "s.team_id", "s.submission", "s.\"timestamp\""],
                                      "Shared Hit Blocks": 1,
                                      "Shared Read Blocks": 0,
                                      "Shared Dirtied Blocks": 0,
                                      "Shared Written Blocks": 0,
                                      "Local Hit Blocks": 0,
                                      "Local Read Blocks": 0,
                                      "Local Dirtied Blocks": 0,
                                      "Local Written Blocks": 0,
                                      "Temp Read Blocks": 0,
                                      "Temp Written Blocks": 0
                                    },
                                    {
                                      "Node Type": "Hash",
                                      "Parent Relationship": "Inner",
                                      "Parallel Aware": false,
                                      "Startup Cost": 1.03,
                                      "Total Cost": 1.03,
                                      "Plan Rows": 3,
                                      "Plan Width": 4,
                                      "Actual Startup Time": 0.004,
                                      "Actual Total Time": 0.005,
                                      "Actual Rows": 11,
                                      "Actual Loops": 1,
                                      "Output": ["t_1.id"],
                                      "Hash Buckets": 1024,
                                      "Original Hash Buckets": 1024,
                                      "Hash Batches": 1,
                                      "Original Hash Batches": 1,
                                      "Peak Memory Usage": 9,
                                      "Shared Hit Blocks": 1,
                                      "Shared Read Blocks": 0,
                                      "Shared Dirtied Blocks": 0,
                                      "Shared Written Blocks": 0,
                                      "Local Hit Blocks": 0,
                                      "Local Read Blocks": 0,
                                      "Local Dirtied Blocks": 0,
                                      "Local Written Blocks": 0,
                                      "Temp Read Blocks": 0,
                                      "Temp Written Blocks": 0,
                                      "Plans": [
                                        {
                                          "Node Type": "Seq Scan",
                                          "Parent Relationship": "Outer",
                                          "Parallel Aware": false,
                                          "Relation Name": "teams",
                                          "Schema": "public",
                                          "Alias": "t_1",
                                          "Startup Cost": 0.00,
                                          "Total Cost": 1.03,
                                          "Plan Rows": 3,
                                          "Plan Width": 4,
                                          "Actual Startup Time": 0.001,
                                          "Actual Total Time": 0.002,
                                          "Actual Rows": 11,
                                          "Actual Loops": 1,
                                          "Output": ["t_1.id"],
                                          "Shared Hit Blocks": 1,
                                          "Shared Read Blocks": 0,
                                          "Shared Dirtied Blocks": 0,
                                          "Shared Written Blocks": 0,
                                          "Local Hit Blocks": 0,
                                          "Local Read Blocks": 0,
                                          "Local Dirtied Blocks": 0,
                                          "Local Written Blocks": 0,
                                          "Temp Read Blocks": 0,
                                          "Temp Written Blocks": 0
                                        }
                                      ]
                                    }
                                  ]
                                },
                                {
                                  "Node Type": "Materialize",
                                  "Parent Relationship": "Inner",
                                  "Parallel Aware": false,
                                  "Startup Cost": 0.00,
                                  "Total Cost": 17.25,
                                  "Plan Rows": 290,
                                  "Plan Width": 36,
                                  "Actual Startup Time": 0.000,
                                  "Actual Total Time": 0.001,
                                  "Actual Rows": 7,
                                  "Actual Loops": 24,
                                  "Output": ["f_1.id", "f_1.regexp"],
                                  "Shared Hit Blocks": 1,
                                  "Shared Read Blocks": 0,
                                  "Shared Dirtied Blocks": 0,
                                  "Shared Written Blocks": 0,
                                  "Local Hit Blocks": 0,
                                  "Local Read Blocks": 0,
                                  "Local Dirtied Blocks": 0,
                                  "Local Written Blocks": 0,
                                  "Temp Read Blocks": 0,
                                  "Temp Written Blocks": 0,
                                  "Plans": [
                                    {
                                      "Node Type": "Seq Scan",
                                      "Parent Relationship": "Outer",
                                      "Parallel Aware": false,
                                      "Relation Name": "flags",
                                      "Schema": "public",
                                      "Alias": "f_1",
                                      "Startup Cost": 0.00,
                                      "Total Cost": 15.80,
                                      "Plan Rows": 290,
                                      "Plan Width": 36,
                                      "Actual Startup Time": 0.002,
                                      "Actual Total Time": 0.004,
                                      "Actual Rows": 7,
                                      "Actual Loops": 1,
                                      "Output": ["f_1.id", "f_1.regexp"],
                                      "Filter": "f_1.enabled",
                                      "Rows Removed by Filter": 0,
                                      "Shared Hit Blocks": 1,
                                      "Shared Read Blocks": 0,
                                      "Shared Dirtied Blocks": 0,
                                      "Shared Written Blocks": 0,
                                      "Local Hit Blocks": 0,
                                      "Local Read Blocks": 0,
                                      "Local Dirtied Blocks": 0,
                                      "Local Written Blocks": 0,
                                      "Temp Read Blocks": 0,
                                      "Temp Written Blocks": 0
                                    }
                                  ]
                                }
                              ]
                            }
                          ]
                        },
                        {
                          "Node Type": "Hash",
                          "Parent Relationship": "Inner",
                          "Parallel Aware": false,
                          "Startup Cost": 1.04,
                          "Total Cost": 1.04,
                          "Plan Rows": 1,
                          "Plan Width": 4,
                          "Actual Startup Time": 0.005,
                          "Actual Total Time": 0.005,
                          "Actual Rows": 1,
                          "Actual Loops": 1,
                          "Output": ["t.id"],
                          "Hash Buckets": 1024,
                          "Original Hash Buckets": 1024,
                          "Hash Batches": 1,
                          "Original Hash Batches": 1,
                          "Peak Memory Usage": 9,
                          "Shared Hit Blocks": 1,
                          "Shared Read Blocks": 0,
                          "Shared Dirtied Blocks": 0,
                          "Shared Written Blocks": 0,
                          "Local Hit Blocks": 0,
                          "Local Read Blocks": 0,
                          "Local Dirtied Blocks": 0,
                          "Local Written Blocks": 0,
                          "Temp Read Blocks": 0,
                          "Temp Written Blocks": 0,
                          "Plans": [
                            {
                              "Node Type": "Seq Scan",
                              "Parent Relationship": "Outer",
                              "Parallel Aware": false,
                              "Relation Name": "teams",
                              "Schema": "public",
                              "Alias": "t",
                              "Startup Cost": 0.00,
                              "Total Cost": 1.04,
                              "Plan Rows": 1,
                              "Plan Width": 4,
                              "Actual Startup Time": 0.002,
                              "Actual Total Time": 0.003,
                              "Actual Rows": 1,
                              "Actual Loops": 1,
                              "Output": ["t.id"],
                              "Filter": "(t.name = 't1'::text)",
                              "Rows Removed by Filter": 10,
                              "Shared Hit Blocks": 1,
                              "Shared Read Blocks": 0,
                              "Shared Dirtied Blocks": 0,
                              "Shared Written Blocks": 0,
                              "Local Hit Blocks": 0,
                              "Local Read Blocks": 0,
                              "Local Dirtied Blocks": 0,
                              "Local Written Blocks": 0,
                              "Temp Read Blocks": 0,
                              "Temp Written Blocks": 0
                            }
                          ]
                        }
                      ]
                    }
                  ]
                }
              ]
            },
            {
              "Node Type": "Hash Join",
              "Parent Relationship": "Member",
              "Parallel Aware": false,
              "Join Type": "Anti",
              "Startup Cost": 4756.20,
              "Total Cost": 4761.99,
              "Plan Rows": 72,
              "Plan Width": 36,
              "Actual Startup Time": 0.807,
              "Actual Total Time": 0.811,
              "Actual Rows": 1,
              "Actual Loops": 1,
              "Output": ["f_2.name", "((f_2.points - (sum(solved.points))))::integer"],
              "Inner Unique": false,
              "Hash Cond": "(f_2.id = f_3.id)",
              "Shared Hit Blocks": 72,
              "Shared Read Blocks": 0,
              "Shared Dirtied Blocks": 0,
              "Shared Written Blocks": 0,
              "Local Hit Blocks": 0,
              "Local Read Blocks": 0,
              "Local Dirtied Blocks": 0,
              "Local Written Blocks": 0,
              "Temp Read Blocks": 0,
              "Temp Written Blocks": 0,
              "Plans": [
                {
                  "Node Type": "Hash Join",
                  "Parent Relationship": "Outer",
                  "Parallel Aware": false,
                  "Join Type": "Right",
                  "Startup Cost": 31.95,
                  "Total Cost": 36.48,
                  "Plan Rows": 72,
                  "Plan Width": 48,
                  "Actual Startup Time": 0.620,
                  "Actual Total Time": 0.623,
                  "Actual Rows": 1,
                  "Actual Loops": 1,
                  "Output": ["f_2.name", "f_2.points", "f_2.id", "(sum(solved.points))"],
                  "Inner Unique": true,
                  "Hash Cond": "(solved.parent = f_2.id)",
                  "Shared Hit Blocks": 68,
                  "Shared Read Blocks": 0,
                  "Shared Dirtied Blocks": 0,
                  "Shared Written Blocks": 0,
                  "Local Hit Blocks": 0,
                  "Local Read Blocks": 0,
                  "Local Dirtied Blocks": 0,
                  "Local Written Blocks": 0,
                  "Temp Read Blocks": 0,
                  "Temp Written Blocks": 0,
                  "Plans": [
                    {
                      "Node Type": "Aggregate",
                      "Strategy": "Hashed",
                      "Partial Mode": "Simple",
                      "Parent Relationship": "Outer",
                      "Parallel Aware": false,
                      "Startup Cost": 15.25,
                      "Total Cost": 17.25,
                      "Plan Rows": 200,
                      "Plan Width": 12,
                      "Actual Startup Time": 0.613,
                      "Actual Total Time": 0.613,
                      "Actual Rows": 1,
                      "Actual Loops": 1,
                      "Output": ["solved.parent", "sum(solved.points)"],
                      "Group Key": ["solved.parent"],
                      "Shared Hit Blocks": 67,
                      "Shared Read Blocks": 0,
                      "Shared Dirtied Blocks": 0,
                      "Shared Written Blocks": 0,
                      "Local Hit Blocks": 0,
                      "Local Read Blocks": 0,
                      "Local Dirtied Blocks": 0,
                      "Local Written Blocks": 0,
                      "Temp Read Blocks": 0,
                      "Temp Written Blocks": 0,
                      "Plans": [
                        {
                          "Node Type": "Function Scan",
                          "Parent Relationship": "Outer",
                          "Parallel Aware": false,
                          "Function Name": "solved",
                          "Schema": "public",
                          "Alias": "solved",
                          "Startup Cost": 0.25,
                          "Total Cost": 10.25,
                          "Plan Rows": 1000,
                          "Plan Width": 8,
                          "Actual Startup Time": 0.611,
                          "Actual Total Time": 0.611,
                          "Actual Rows": 1,
                          "Actual Loops": 1,
                          "Output": ["solved.name", "solved.flag", "solved.solved_time", "solved.points", "solved.parent"],
                          "Function Call": "solved('t1'::text)",
                          "Shared Hit Blocks": 67,
                          "Shared Read Blocks": 0,
                          "Shared Dirtied Blocks": 0,
                          "Shared Written Blocks": 0,
                          "Local Hit Blocks": 0,
                          "Local Read Blocks": 0,
                          "Local Dirtied Blocks": 0,
                          "Local Written Blocks": 0,
                          "Temp Read Blocks": 0,
                          "Temp Written Blocks": 0
                        }
                      ]
                    },
                    {
                      "Node Type": "Hash",
                      "Parent Relationship": "Inner",
                      "Parallel Aware": false,
                      "Startup Cost": 15.80,
                      "Total Cost": 15.80,
                      "Plan Rows": 72,
                      "Plan Width": 40,
                      "Actual Startup Time": 0.003,
                      "Actual Total Time": 0.004,
                      "Actual Rows": 1,
                      "Actual Loops": 1,
                      "Output": ["f_2.name", "f_2.points", "f_2.id"],
                      "Hash Buckets": 1024,
                      "Original Hash Buckets": 1024,
                      "Hash Batches": 1,
                      "Original Hash Batches": 1,
                      "Peak Memory Usage": 9,
                      "Shared Hit Blocks": 1,
                      "Shared Read Blocks": 0,
                      "Shared Dirtied Blocks": 0,
                      "Shared Written Blocks": 0,
                      "Local Hit Blocks": 0,
                      "Local Read Blocks": 0,
                      "Local Dirtied Blocks": 0,
                      "Local Written Blocks": 0,
                      "Temp Read Blocks": 0,
                      "Temp Written Blocks": 0,
                      "Plans": [
                        {
                          "Node Type": "Seq Scan",
                          "Parent Relationship": "Outer",
                          "Parallel Aware": false,
                          "Relation Name": "flags",
                          "Schema": "public",
                          "Alias": "f_2",
                          "Startup Cost": 0.00,
                          "Total Cost": 15.80,
                          "Plan Rows": 72,
                          "Plan Width": 40,
                          "Actual Startup Time": 0.002,
                          "Actual Total Time": 0.002,
                          "Actual Rows": 1,
                          "Actual Loops": 1,
                          "Output": ["f_2.name", "f_2.points", "f_2.id"],
                          "Filter": "(f_2.visible AND f_2.enabled AND (NOT f_2.solvable))",
                          "Rows Removed by Filter": 6,
                          "Shared Hit Blocks": 1,
                          "Shared Read Blocks": 0,
                          "Shared Dirtied Blocks": 0,
                          "Shared Written Blocks": 0,
                          "Local Hit Blocks": 0,
                          "Local Read Blocks": 0,
                          "Local Dirtied Blocks": 0,
                          "Local Written Blocks": 0,
                          "Temp Read Blocks": 0,
                          "Temp Written Blocks": 0
                        }
                      ]
                    }
                  ]
                },
                {
                  "Node Type": "Hash",
                  "Parent Relationship": "Inner",
                  "Parallel Aware": false,
                  "Startup Cost": 4724.20,
                  "Total Cost": 4724.20,
                  "Plan Rows": 4,
                  "Plan Width": 4,
                  "Actual Startup Time": 0.183,
                  "Actual Total Time": 0.184,
                  "Actual Rows": 1,
                  "Actual Loops": 1,
                  "Output": ["f_3.id"],
                  "Hash Buckets": 1024,
                  "Original Hash Buckets": 1024,
                  "Hash Batches": 1,
                  "Original Hash Batches": 1,
                  "Peak Memory Usage": 9,
                  "Shared Hit Blocks": 4,
                  "Shared Read Blocks": 0,
                  "Shared Dirtied Blocks": 0,
                  "Shared Written Blocks": 0,
                  "Local Hit Blocks": 0,
                  "Local Read Blocks": 0,
                  "Local Dirtied Blocks": 0,
                  "Local Written Blocks": 0,
                  "Temp Read Blocks": 0,
                  "Temp Written Blocks": 0,
                  "Plans": [
                    {
                      "Node Type": "Hash Join",
                      "Parent Relationship": "Outer",
                      "Parallel Aware": false,
                      "Join Type": "Inner",
                      "Startup Cost": 4704.47,
                      "Total Cost": 4724.20,
                      "Plan Rows": 4,
                      "Plan Width": 4,
                      "Actual Startup Time": 0.181,
                      "Actual Total Time": 0.183,
                      "Actual Rows": 1,
                      "Actual Loops": 1,
                      "Output": ["f_3.id"],
                      "Inner Unique": true,
                      "Hash Cond": "(t_3.id = t_2.id)",
                      "Shared Hit Blocks": 4,
                      "Shared Read Blocks": 0,
                      "Shared Dirtied Blocks": 0,
                      "Shared Written Blocks": 0,
                      "Local Hit Blocks": 0,
                      "Local Read Blocks": 0,
                      "Local Dirtied Blocks": 0,
                      "Local Written Blocks": 0,
                      "Temp Read Blocks": 0,
                      "Temp Written Blocks": 0,
                      "Plans": [
                        {
                          "Node Type": "Aggregate",
                          "Strategy": "Hashed",
                          "Partial Mode": "Simple",
                          "Parent Relationship": "Outer",
                          "Parallel Aware": false,
                          "Startup Cost": 4703.42,
                          "Total Cost": 4712.12,
                          "Plan Rows": 870,
                          "Plan Width": 40,
                          "Actual Startup Time": 0.172,
                          "Actual Total Time": 0.175,
                          "Actual Rows": 5,
                          "Actual Loops": 1,
                          "Output": ["t_3.id", "f_3.id", "NULL::integer[]"],
                          "Group Key": ["t_3.id", "f_3.id"],
                          "Shared Hit Blocks": 3,
                          "Shared Read Blocks": 0,
                          "Shared Dirtied Blocks": 0,
                          "Shared Written Blocks": 0,
                          "Local Hit Blocks": 0,
                          "Local Read Blocks": 0,
                          "Local Dirtied Blocks": 0,
                          "Local Written Blocks": 0,
                          "Temp Read Blocks": 0,
                          "Temp Written Blocks": 0,
                          "Plans": [
                            {
                              "Node Type": "Nested Loop",
                              "Parent Relationship": "Outer",
                              "Parallel Aware": false,
                              "Join Type": "Inner",
                              "Startup Cost": 1.07,
                              "Total Cost": 4695.66,
                              "Plan Rows": 1552,
                              "Plan Width": 8,
                              "Actual Startup Time": 0.078,
                              "Actual Total Time": 0.170,
                              "Actual Rows": 8,
                              "Actual Loops": 1,
                              "Output": ["t_3.id", "f_3.id"],
                              "Inner Unique": false,
                              "Join Filter": "(s_1.submission ~* f_3.regexp)",
                              "Rows Removed by Join Filter": 160,
                              "Shared Hit Blocks": 3,
                              "Shared Read Blocks": 0,
                              "Shared Dirtied Blocks": 0,
                              "Shared Written Blocks": 0,
                              "Local Hit Blocks": 0,
                              "Local Read Blocks": 0,
                              "Local Dirtied Blocks": 0,
                              "Local Written Blocks": 0,
                              "Temp Read Blocks": 0,
                              "Temp Written Blocks": 0,
                              "Plans": [
                                {
                                  "Node Type": "Hash Join",
                                  "Parent Relationship": "Outer",
                                  "Parallel Aware": false,
                                  "Join Type": "Left",
                                  "Startup Cost": 1.07,
                                  "Total Cost": 24.63,
                                  "Plan Rows": 1070,
                                  "Plan Width": 36,
                                  "Actual Startup Time": 0.006,
                                  "Actual Total Time": 0.011,
                                  "Actual Rows": 24,
                                  "Actual Loops": 1,
                                  "Output": ["s_1.submission", "t_3.id"],
                                  "Inner Unique": true,
                                  "Hash Cond": "(s_1.team_id = t_3.id)",
                                  "Shared Hit Blocks": 2,
                                  "Shared Read Blocks": 0,
                                  "Shared Dirtied Blocks": 0,
                                  "Shared Written Blocks": 0,
                                  "Local Hit Blocks": 0,
                                  "Local Read Blocks": 0,
                                  "Local Dirtied Blocks": 0,
                                  "Local Written Blocks": 0,
                                  "Temp Read Blocks": 0,
                                  "Temp Written Blocks": 0,
                                  "Plans": [
                                    {
                                      "Node Type": "Seq Scan",
                                      "Parent Relationship": "Outer",
                                      "Parallel Aware": false,
                                      "Relation Name": "submissions",
                                      "Schema": "public",
                                      "Alias": "s_1",
                                      "Startup Cost": 0.00,
                                      "Total Cost": 20.70,
                                      "Plan Rows": 1070,
                                      "Plan Width": 36,
                                      "Actual Startup Time": 0.001,
                                      "Actual Total Time": 0.002,
                                      "Actual Rows": 24,
                                      "Actual Loops": 1,
                                      "Output": ["s_1.id", "s_1.team_id", "s_1.submission", "s_1.\"timestamp\""],
                                      "Shared Hit Blocks": 1,
                                      "Shared Read Blocks": 0,
                                      "Shared Dirtied Blocks": 0,
                                      "Shared Written Blocks": 0,
                                      "Local Hit Blocks": 0,
                                      "Local Read Blocks": 0,
                                      "Local Dirtied Blocks": 0,
                                      "Local Written Blocks": 0,
                                      "Temp Read Blocks": 0,
                                      "Temp Written Blocks": 0
                                    },
                                    {
                                      "Node Type": "Hash",
                                      "Parent Relationship": "Inner",
                                      "Parallel Aware": false,
                                      "Startup Cost": 1.03,
                                      "Total Cost": 1.03,
                                      "Plan Rows": 3,
                                      "Plan Width": 4,
                                      "Actual Startup Time": 0.003,
                                      "Actual Total Time": 0.004,
                                      "Actual Rows": 11,
                                      "Actual Loops": 1,
                                      "Output": ["t_3.id"],
                                      "Hash Buckets": 1024,
                                      "Original Hash Buckets": 1024,
                                      "Hash Batches": 1,
                                      "Original Hash Batches": 1,
                                      "Peak Memory Usage": 9,
                                      "Shared Hit Blocks": 1,
                                      "Shared Read Blocks": 0,
                                      "Shared Dirtied Blocks": 0,
                                      "Shared Written Blocks": 0,
                                      "Local Hit Blocks": 0,
                                      "Local Read Blocks": 0,
                                      "Local Dirtied Blocks": 0,
                                      "Local Written Blocks": 0,
                                      "Temp Read Blocks": 0,
                                      "Temp Written Blocks": 0,
                                      "Plans": [
                                        {
                                          "Node Type": "Seq Scan",
                                          "Parent Relationship": "Outer",
                                          "Parallel Aware": false,
                                          "Relation Name": "teams",
                                          "Schema": "public",
                                          "Alias": "t_3",
                                          "Startup Cost": 0.00,
                                          "Total Cost": 1.03,
                                          "Plan Rows": 3,
                                          "Plan Width": 4,
                                          "Actual Startup Time": 0.001,
                                          "Actual Total Time": 0.001,
                                          "Actual Rows": 11,
                                          "Actual Loops": 1,
                                          "Output": ["t_3.id"],
                                          "Shared Hit Blocks": 1,
                                          "Shared Read Blocks": 0,
                                          "Shared Dirtied Blocks": 0,
                                          "Shared Written Blocks": 0,
                                          "Local Hit Blocks": 0,
                                          "Local Read Blocks": 0,
                                          "Local Dirtied Blocks": 0,
                                          "Local Written Blocks": 0,
                                          "Temp Read Blocks": 0,
                                          "Temp Written Blocks": 0
                                        }
                                      ]
                                    }
                                  ]
                                },
                                {
                                  "Node Type": "Materialize",
                                  "Parent Relationship": "Inner",
                                  "Parallel Aware": false,
                                  "Startup Cost": 0.00,
                                  "Total Cost": 17.25,
                                  "Plan Rows": 290,
                                  "Plan Width": 36,
                                  "Actual Startup Time": 0.000,
                                  "Actual Total Time": 0.000,
                                  "Actual Rows": 7,
                                  "Actual Loops": 24,
                                  "Output": ["f_3.id", "f_3.regexp"],
                                  "Shared Hit Blocks": 1,
                                  "Shared Read Blocks": 0,
                                  "Shared Dirtied Blocks": 0,
                                  "Shared Written Blocks": 0,
                                  "Local Hit Blocks": 0,
                                  "Local Read Blocks": 0,
                                  "Local Dirtied Blocks": 0,
                                  "Local Written Blocks": 0,
                                  "Temp Read Blocks": 0,
                                  "Temp Written Blocks": 0,
                                  "Plans": [
                                    {
                                      "Node Type": "Seq Scan",
                                      "Parent Relationship": "Outer",
                                      "Parallel Aware": false,
                                      "Relation Name": "flags",
                                      "Schema": "public",
                                      "Alias": "f_3",
                                      "Startup Cost": 0.00,
                                      "Total Cost": 15.80,
                                      "Plan Rows": 290,
                                      "Plan Width": 36,
                                      "Actual Startup Time": 0.001,
                                      "Actual Total Time": 0.002,
                                      "Actual Rows": 7,
                                      "Actual Loops": 1,
                                      "Output": ["f_3.id", "f_3.regexp"],
                                      "Filter": "f_3.enabled",
                                      "Rows Removed by Filter": 0,
                                      "Shared Hit Blocks": 1,
                                      "Shared Read Blocks": 0,
                                      "Shared Dirtied Blocks": 0,
                                      "Shared Written Blocks": 0,
                                      "Local Hit Blocks": 0,
                                      "Local Read Blocks": 0,
                                      "Local Dirtied Blocks": 0,
                                      "Local Written Blocks": 0,
                                      "Temp Read Blocks": 0,
                                      "Temp Written Blocks": 0
                                    }
                                  ]
                                }
                              ]
                            }
                          ]
                        },
                        {
                          "Node Type": "Hash",
                          "Parent Relationship": "Inner",
                          "Parallel Aware": false,
                          "Startup Cost": 1.04,
                          "Total Cost": 1.04,
                          "Plan Rows": 1,
                          "Plan Width": 4,
                          "Actual Startup Time": 0.003,
                          "Actual Total Time": 0.003,
                          "Actual Rows": 1,
                          "Actual Loops": 1,
                          "Output": ["t_2.id"],
                          "Hash Buckets": 1024,
                          "Original Hash Buckets": 1024,
                          "Hash Batches": 1,
                          "Original Hash Batches": 1,
                          "Peak Memory Usage": 9,
                          "Shared Hit Blocks": 1,
                          "Shared Read Blocks": 0,
                          "Shared Dirtied Blocks": 0,
                          "Shared Written Blocks": 0,
                          "Local Hit Blocks": 0,
                          "Local Read Blocks": 0,
                          "Local Dirtied Blocks": 0,
                          "Local Written Blocks": 0,
                          "Temp Read Blocks": 0,
                          "Temp Written Blocks": 0,
                          "Plans": [
                            {
                              "Node Type": "Seq Scan",
                              "Parent Relationship": "Outer",
                              "Parallel Aware": false,
                              "Relation Name": "teams",
                              "Schema": "public",
                              "Alias": "t_2",
                              "Startup Cost": 0.00,
                              "Total Cost": 1.04,
                              "Plan Rows": 1,
                              "Plan Width": 4,
                              "Actual Startup Time": 0.001,
                              "Actual Total Time": 0.002,
                              "Actual Rows": 1,
                              "Actual Loops": 1,
                              "Output": ["t_2.id"],
                              "Filter": "(t_2.name = 't1'::text)",
                              "Rows Removed by Filter": 10,
                              "Shared Hit Blocks": 1,
                              "Shared Read Blocks": 0,
                              "Shared Dirtied Blocks": 0,
                              "Shared Written Blocks": 0,
                              "Local Hit Blocks": 0,
                              "Local Read Blocks": 0,
                              "Local Dirtied Blocks": 0,
                              "Local Written Blocks": 0,
                              "Temp Read Blocks": 0,
                              "Temp Written Blocks": 0
                            }
                          ]
                        }
                      ]
                    }
                  ]
                }
              ]
            }
          ]
        }
      ]
    },
    "Planning Time": 0.537,
    "Triggers": [
    ],
    "Execution Time": 1.443
  }
]
